[22:12:36] [ServerMain/INFO]: Environment: Environment[sessionHost=https://sessionserver.mojang.com, servicesHost=https://api.minecraftservices.com, profilesHost=https://api.mojang.com, name=PROD]
[22:12:39] [ServerMain/INFO]: Loaded 1461 recipes
[22:12:39] [ServerMain/INFO]: Loaded 1574 advancements
[22:12:40] [Server thread/INFO]: Starting minecraft server version 1.21.10
[22:12:40] [Server thread/INFO]: Loading properties
[22:12:40] [Server thread/INFO]: Default game type: SURVIVAL
[22:12:40] [Server thread/INFO]: Generating keypair
[22:12:40] [Server thread/INFO]: Starting Minecraft server on *:25565
[22:12:40] [Server thread/INFO]: Using epoll channel type
[22:12:40] [Server thread/WARN]: **** SERVER IS RUNNING IN OFFLINE/INSECURE MODE!
[22:12:40] [Server thread/WARN]: The server will make no attempt to authenticate usernames. Beware.
[22:12:40] [Server thread/WARN]: While this makes the game possible to play without internet access, it also opens up the ability for hackers to connect with any username they choose.
[22:12:40] [Server thread/WARN]: To change this, set "online-mode" to "true" in the server.properties file.
[22:12:40] [Server thread/INFO]: Preparing level "world"
[22:12:40] [Server thread/INFO]: Loading 0 persistent chunks...
[22:12:40] [Server thread/INFO]: Preparing spawn area: 100%
[22:12:40] [Server thread/INFO]: Time elapsed: 14 ms
[22:12:40] [Server thread/INFO]: Done (0.532s)! For help, type "help"
[22:12:57] [Server thread/INFO]: [Not Secure] [Server] a
[22:13:40] [Server thread/INFO]: Server empty for 60 seconds, pausing
[22:14:23] [Server thread/INFO]: JOSHUEvera[/127.142.213.220:57187] logged in with entity id 47 at (-807.5, 78.0, 149.5)
[22:14:23] [Server thread/INFO]: JOSHUEvera joined the game
[22:14:26] [Server thread/INFO]: elismaelkira[/127.72.175.236:48395] logged in with entity id 183 at (-830.9091353309893, 79.0, 138.1682157551481)
[22:14:26] [Server thread/INFO]: elismaelkira joined the game
[22:15:32] [Server thread/INFO]: elismaelkira has made the advancement [Stone Age]
[22:16:14] [Server thread/INFO]: Unknown or incomplete command. See below for error
[22:16:14] [Server thread/INFO]: sasy a<--[HERE]
[22:16:22] [Server thread/INFO]: [Not Secure] [Server] a
[22:16:31] [Server thread/INFO]: JOSHUEvera was shot by Skeleton
[22:16:47] [Server thread/INFO]: JOSHUEvera has made the advancement [Monster Hunter]
[22:16:53] [Server thread/INFO]: elismaelkira has made the advancement [Getting an Upgrade]
[22:17:30] [Server thread/INFO]: JOSHUEvera has made the advancement [Stone Age]
[22:19:59] [Server thread/INFO]: JOSHUEvera has made the advancement [Getting an Upgrade]
[22:25:47] [Server thread/INFO]: [Not Secure] <elismaelkira> van para cuarti
[22:25:49] [Server thread/INFO]: [Not Secure] <elismaelkira> cuarto
[22:26:00] [Server thread/INFO]: [Not Secure] <elismaelkira> y yo voy para tercero xd
[22:26:30] [Server thread/INFO]: [Not Secure] <elismaelkira> tu avancas a segundo y yo a tercerlo xd
[22:26:51] [Server thread/INFO]: [Not Secure] <elismaelkira> arrastre pero no estudie las de tercero xd
[22:26:55] [Server thread/INFO]: [Not Secure] <elismaelkira> me di tiempo pa mi xd
